  [1m[35m (189.0ms)[0m  [1m[35mCREATE DATABASE "b2_assessments_development" ENCODING = 'unicode'[0m
  ↳ bin/rails:4
  [1m[35m (45.9ms)[0m  [1m[35mCREATE DATABASE "b2_assessments_test" ENCODING = 'unicode'[0m
  ↳ bin/rails:4
  [1m[35m (13.1ms)[0m  [1m[35mCREATE TABLE "schema_migrations" ("version" character varying NOT NULL PRIMARY KEY)[0m
  ↳ bin/rails:4
  [1m[35m (4.3ms)[0m  [1m[35mCREATE TABLE "ar_internal_metadata" ("key" character varying NOT NULL PRIMARY KEY, "value" character varying, "created_at" timestamp NOT NULL, "updated_at" timestamp NOT NULL)[0m
  ↳ bin/rails:4
  [1m[35m (0.2ms)[0m  [1m[34mSELECT pg_try_advisory_lock(2693733342440343945)[0m
  ↳ bin/rails:4
  [1m[35m (1.0ms)[0m  [1m[34mSELECT "schema_migrations"."version" FROM "schema_migrations" ORDER BY "schema_migrations"."version" ASC[0m
  ↳ bin/rails:4
Migrating to CreateStudios (20220221171708)
  [1m[35m (0.1ms)[0m  [1m[35mBEGIN[0m
  ↳ bin/rails:4
  [1m[35m (9.4ms)[0m  [1m[35mCREATE TABLE "studios" ("id" bigserial primary key, "name" character varying, "location" character varying, "created_at" timestamp NOT NULL, "updated_at" timestamp NOT NULL)[0m
  ↳ db/migrate/20220221171708_create_studios.rb:3
  [1m[36mActiveRecord::SchemaMigration Create (0.9ms)[0m  [1m[32mINSERT INTO "schema_migrations" ("version") VALUES ($1) RETURNING "version"[0m  [["version", "20220221171708"]]
  ↳ bin/rails:4
  [1m[35m (0.4ms)[0m  [1m[35mCOMMIT[0m
  ↳ bin/rails:4
  [1m[36mActiveRecord::InternalMetadata Load (0.6ms)[0m  [1m[34mSELECT  "ar_internal_metadata".* FROM "ar_internal_metadata" WHERE "ar_internal_metadata"."key" = $1 LIMIT $2[0m  [["key", "environment"], ["LIMIT", 1]]
  ↳ bin/rails:4
  [1m[35m (0.2ms)[0m  [1m[35mBEGIN[0m
  ↳ bin/rails:4
  [1m[36mActiveRecord::InternalMetadata Create (1.5ms)[0m  [1m[32mINSERT INTO "ar_internal_metadata" ("key", "value", "created_at", "updated_at") VALUES ($1, $2, $3, $4) RETURNING "key"[0m  [["key", "environment"], ["value", "development"], ["created_at", "2022-02-21 17:17:58.858759"], ["updated_at", "2022-02-21 17:17:58.858759"]]
  ↳ bin/rails:4
  [1m[35m (0.2ms)[0m  [1m[35mCOMMIT[0m
  ↳ bin/rails:4
  [1m[35m (0.3ms)[0m  [1m[34mSELECT pg_advisory_unlock(2693733342440343945)[0m
  ↳ bin/rails:4
  [1m[35m (0.3ms)[0m  [1m[34mSELECT "schema_migrations"."version" FROM "schema_migrations" ORDER BY "schema_migrations"."version" ASC[0m
  ↳ bin/rails:4
  [1m[35m (0.2ms)[0m  [1m[34mSELECT pg_try_advisory_lock(2693733342440343945)[0m
  ↳ bin/rails:4
  [1m[35m (1.3ms)[0m  [1m[34mSELECT "schema_migrations"."version" FROM "schema_migrations" ORDER BY "schema_migrations"."version" ASC[0m
  ↳ bin/rails:4
Migrating to CreateMovies (20220221171835)
  [1m[35m (0.1ms)[0m  [1m[35mBEGIN[0m
  ↳ bin/rails:4
  [1m[35m (12.7ms)[0m  [1m[35mCREATE TABLE "movies" ("id" bigserial primary key, "title" character varying, "creation_year" integer, "genre" character varying, "studio_id" bigint, "created_at" timestamp NOT NULL, "updated_at" timestamp NOT NULL, CONSTRAINT "fk_rails_e5b9b8f31d"
FOREIGN KEY ("studio_id")
  REFERENCES "studios" ("id")
)[0m
  ↳ db/migrate/20220221171835_create_movies.rb:3
  [1m[35m (0.8ms)[0m  [1m[35mCREATE  INDEX  "index_movies_on_studio_id" ON "movies"  ("studio_id")[0m
  ↳ db/migrate/20220221171835_create_movies.rb:3
  [1m[36mActiveRecord::SchemaMigration Create (0.4ms)[0m  [1m[32mINSERT INTO "schema_migrations" ("version") VALUES ($1) RETURNING "version"[0m  [["version", "20220221171835"]]
  ↳ bin/rails:4
  [1m[35m (0.8ms)[0m  [1m[35mCOMMIT[0m
  ↳ bin/rails:4
  [1m[36mActiveRecord::InternalMetadata Load (0.6ms)[0m  [1m[34mSELECT  "ar_internal_metadata".* FROM "ar_internal_metadata" WHERE "ar_internal_metadata"."key" = $1 LIMIT $2[0m  [["key", "environment"], ["LIMIT", 1]]
  ↳ bin/rails:4
  [1m[35m (0.1ms)[0m  [1m[35mBEGIN[0m
  ↳ bin/rails:4
  [1m[35m (0.1ms)[0m  [1m[35mCOMMIT[0m
  ↳ bin/rails:4
  [1m[35m (0.2ms)[0m  [1m[34mSELECT pg_advisory_unlock(2693733342440343945)[0m
  ↳ bin/rails:4
  [1m[35m (0.2ms)[0m  [1m[34mSELECT "schema_migrations"."version" FROM "schema_migrations" ORDER BY "schema_migrations"."version" ASC[0m
  ↳ bin/rails:4
  [1m[35m (0.2ms)[0m  [1m[34mSELECT pg_try_advisory_lock(2693733342440343945)[0m
  ↳ bin/rails:4
  [1m[35m (1.1ms)[0m  [1m[34mSELECT "schema_migrations"."version" FROM "schema_migrations" ORDER BY "schema_migrations"."version" ASC[0m
  ↳ bin/rails:4
  [1m[36mActiveRecord::InternalMetadata Load (0.6ms)[0m  [1m[34mSELECT  "ar_internal_metadata".* FROM "ar_internal_metadata" WHERE "ar_internal_metadata"."key" = $1 LIMIT $2[0m  [["key", "environment"], ["LIMIT", 1]]
  ↳ bin/rails:4
  [1m[35m (0.1ms)[0m  [1m[35mBEGIN[0m
  ↳ bin/rails:4
  [1m[35m (0.1ms)[0m  [1m[35mCOMMIT[0m
  ↳ bin/rails:4
  [1m[35m (0.2ms)[0m  [1m[34mSELECT pg_advisory_unlock(2693733342440343945)[0m
  ↳ bin/rails:4
  [1m[35m (0.2ms)[0m  [1m[34mSELECT "schema_migrations"."version" FROM "schema_migrations" ORDER BY "schema_migrations"."version" ASC[0m
  ↳ bin/rails:4
  [1m[35m (0.4ms)[0m  [1m[35mDROP DATABASE IF EXISTS "b2_assessments_development"[0m
  ↳ bin/rails:4
  [1m[35m (0.1ms)[0m  [1m[35mDROP DATABASE IF EXISTS "b2_assessments_test"[0m
  ↳ bin/rails:4
  [1m[35m (158.0ms)[0m  [1m[35mCREATE DATABASE "b2_assessments_development" ENCODING = 'unicode'[0m
  ↳ bin/rails:4
  [1m[35m (60.0ms)[0m  [1m[35mCREATE DATABASE "b2_assessments_test" ENCODING = 'unicode'[0m
  ↳ bin/rails:4
  [1m[35m (6.0ms)[0m  [1m[35mCREATE TABLE "schema_migrations" ("version" character varying NOT NULL PRIMARY KEY)[0m
  ↳ bin/rails:4
  [1m[35m (1.7ms)[0m  [1m[35mCREATE TABLE "ar_internal_metadata" ("key" character varying NOT NULL PRIMARY KEY, "value" character varying, "created_at" timestamp NOT NULL, "updated_at" timestamp NOT NULL)[0m
  ↳ bin/rails:4
  [1m[35m (6.0ms)[0m  [1m[34mSELECT pg_try_advisory_lock(2693733342440343945)[0m
  ↳ bin/rails:4
  [1m[35m (0.4ms)[0m  [1m[34mSELECT "schema_migrations"."version" FROM "schema_migrations" ORDER BY "schema_migrations"."version" ASC[0m
  ↳ bin/rails:4
Migrating to CreateStudios (20220221171708)
  [1m[35m (0.1ms)[0m  [1m[35mBEGIN[0m
  ↳ bin/rails:4
  [1m[35m (7.3ms)[0m  [1m[35mCREATE TABLE "studios" ("id" bigserial primary key, "name" character varying, "location" character varying, "created_at" timestamp NOT NULL, "updated_at" timestamp NOT NULL)[0m
  ↳ db/migrate/20220221171708_create_studios.rb:3
  [1m[36mActiveRecord::SchemaMigration Create (0.7ms)[0m  [1m[32mINSERT INTO "schema_migrations" ("version") VALUES ($1) RETURNING "version"[0m  [["version", "20220221171708"]]
  ↳ bin/rails:4
  [1m[35m (0.4ms)[0m  [1m[35mCOMMIT[0m
  ↳ bin/rails:4
Migrating to CreateMovies (20220221171835)
  [1m[35m (0.4ms)[0m  [1m[35mBEGIN[0m
  ↳ bin/rails:4
  [1m[35m (4.6ms)[0m  [1m[35mCREATE TABLE "movies" ("id" bigserial primary key, "title" character varying, "creation_year" integer, "genre" character varying, "studio_id" bigint, "created_at" timestamp NOT NULL, "updated_at" timestamp NOT NULL, CONSTRAINT "fk_rails_e5b9b8f31d"
FOREIGN KEY ("studio_id")
  REFERENCES "studios" ("id")
)[0m
  ↳ db/migrate/20220221171835_create_movies.rb:3
  [1m[35m (0.6ms)[0m  [1m[35mCREATE  INDEX  "index_movies_on_studio_id" ON "movies"  ("studio_id")[0m
  ↳ db/migrate/20220221171835_create_movies.rb:3
  [1m[36mActiveRecord::SchemaMigration Create (0.2ms)[0m  [1m[32mINSERT INTO "schema_migrations" ("version") VALUES ($1) RETURNING "version"[0m  [["version", "20220221171835"]]
  ↳ bin/rails:4
  [1m[35m (0.2ms)[0m  [1m[35mCOMMIT[0m
  ↳ bin/rails:4
  [1m[36mActiveRecord::InternalMetadata Load (0.3ms)[0m  [1m[34mSELECT  "ar_internal_metadata".* FROM "ar_internal_metadata" WHERE "ar_internal_metadata"."key" = $1 LIMIT $2[0m  [["key", "environment"], ["LIMIT", 1]]
  ↳ bin/rails:4
  [1m[35m (0.1ms)[0m  [1m[35mBEGIN[0m
  ↳ bin/rails:4
  [1m[36mActiveRecord::InternalMetadata Create (6.3ms)[0m  [1m[32mINSERT INTO "ar_internal_metadata" ("key", "value", "created_at", "updated_at") VALUES ($1, $2, $3, $4) RETURNING "key"[0m  [["key", "environment"], ["value", "development"], ["created_at", "2022-02-22 16:16:26.841563"], ["updated_at", "2022-02-22 16:16:26.841563"]]
  ↳ bin/rails:4
  [1m[35m (0.2ms)[0m  [1m[35mCOMMIT[0m
  ↳ bin/rails:4
  [1m[35m (0.2ms)[0m  [1m[34mSELECT pg_advisory_unlock(2693733342440343945)[0m
  ↳ bin/rails:4
  [1m[35m (0.2ms)[0m  [1m[34mSELECT "schema_migrations"."version" FROM "schema_migrations" ORDER BY "schema_migrations"."version" ASC[0m
  ↳ bin/rails:4
  [1m[35m (1.4ms)[0m  [1m[34mSELECT "schema_migrations"."version" FROM "schema_migrations" ORDER BY "schema_migrations"."version" ASC[0m
  ↳ bin/rails:4
  [1m[35m (0.1ms)[0m  [1m[35mBEGIN[0m
  ↳ db/seeds.rb:9
  [1m[36mStudio Create (1.7ms)[0m  [1m[32mINSERT INTO "studios" ("name", "location", "created_at", "updated_at") VALUES ($1, $2, $3, $4) RETURNING "id"[0m  [["name", "Good Studio"], ["location", "Stafford"], ["created_at", "2022-02-22 17:34:13.629501"], ["updated_at", "2022-02-22 17:34:13.629501"]]
  ↳ db/seeds.rb:9
  [1m[35m (0.9ms)[0m  [1m[35mCOMMIT[0m
  ↳ db/seeds.rb:9
  [1m[35m (0.1ms)[0m  [1m[35mBEGIN[0m
  ↳ db/seeds.rb:10
  [1m[36mStudio Create (0.4ms)[0m  [1m[32mINSERT INTO "studios" ("name", "location", "created_at", "updated_at") VALUES ($1, $2, $3, $4) RETURNING "id"[0m  [["name", "OK Studio"], ["location", "Spotsylvania"], ["created_at", "2022-02-22 17:34:13.633322"], ["updated_at", "2022-02-22 17:34:13.633322"]]
  ↳ db/seeds.rb:10
  [1m[35m (0.3ms)[0m  [1m[35mCOMMIT[0m
  ↳ db/seeds.rb:10
  [1m[35m (0.1ms)[0m  [1m[35mBEGIN[0m
  ↳ db/seeds.rb:11
  [1m[36mStudio Create (0.3ms)[0m  [1m[32mINSERT INTO "studios" ("name", "location", "created_at", "updated_at") VALUES ($1, $2, $3, $4) RETURNING "id"[0m  [["name", "Bad Studio"], ["location", "Fairfax"], ["created_at", "2022-02-22 17:34:13.634566"], ["updated_at", "2022-02-22 17:34:13.634566"]]
  ↳ db/seeds.rb:11
  [1m[35m (0.2ms)[0m  [1m[35mCOMMIT[0m
  ↳ db/seeds.rb:11
  [1m[35m (0.1ms)[0m  [1m[35mBEGIN[0m
  ↳ db/seeds.rb:13
  [1m[36mMovie Create (6.5ms)[0m  [1m[32mINSERT INTO "movies" ("title", "creation_year", "genre", "studio_id", "created_at", "updated_at") VALUES ($1, $2, $3, $4, $5, $6) RETURNING "id"[0m  [["title", "Star Wars"], ["creation_year", 1977], ["genre", "science_fiction"], ["studio_id", 1], ["created_at", "2022-02-22 17:34:13.662035"], ["updated_at", "2022-02-22 17:34:13.662035"]]
  ↳ db/seeds.rb:13
  [1m[35m (0.3ms)[0m  [1m[35mCOMMIT[0m
  ↳ db/seeds.rb:13
  [1m[35m (0.1ms)[0m  [1m[35mBEGIN[0m
  ↳ db/seeds.rb:14
  [1m[36mMovie Create (0.5ms)[0m  [1m[32mINSERT INTO "movies" ("title", "creation_year", "genre", "studio_id", "created_at", "updated_at") VALUES ($1, $2, $3, $4, $5, $6) RETURNING "id"[0m  [["title", "Star Trek"], ["creation_year", 1966], ["genre", "science_fiction"], ["studio_id", 2], ["created_at", "2022-02-22 17:34:13.669919"], ["updated_at", "2022-02-22 17:34:13.669919"]]
  ↳ db/seeds.rb:14
  [1m[35m (0.3ms)[0m  [1m[35mCOMMIT[0m
  ↳ db/seeds.rb:14
  [1m[35m (0.1ms)[0m  [1m[35mBEGIN[0m
  ↳ db/seeds.rb:15
  [1m[36mMovie Create (0.4ms)[0m  [1m[32mINSERT INTO "movies" ("title", "creation_year", "genre", "studio_id", "created_at", "updated_at") VALUES ($1, $2, $3, $4, $5, $6) RETURNING "id"[0m  [["title", "Star People"], ["creation_year", 1955], ["genre", "science_fiction"], ["studio_id", 3], ["created_at", "2022-02-22 17:34:13.671556"], ["updated_at", "2022-02-22 17:34:13.671556"]]
  ↳ db/seeds.rb:15
  [1m[35m (0.2ms)[0m  [1m[35mCOMMIT[0m
  ↳ db/seeds.rb:15
  [1m[36mMovie Load (0.9ms)[0m  [1m[34mSELECT  "movies".* FROM "movies" LIMIT $1[0m  [["LIMIT", 11]]
  [1m[35m (1.6ms)[0m  [1m[34mSELECT "schema_migrations"."version" FROM "schema_migrations" ORDER BY "schema_migrations"."version" ASC[0m
  ↳ bin/rails:4
  [1m[35m (5.4ms)[0m  [1m[34mSELECT "ar_internal_metadata"."value" FROM "ar_internal_metadata" WHERE "ar_internal_metadata"."key" = $1[0m  [["key", "environment"]]
  ↳ bin/rails:4
  [1m[35m (0.3ms)[0m  [1m[34mSELECT "schema_migrations"."version" FROM "schema_migrations" ORDER BY "schema_migrations"."version" ASC[0m
  ↳ bin/rails:4
  [1m[35m (0.1ms)[0m  [1m[34mSELECT "ar_internal_metadata"."value" FROM "ar_internal_metadata" WHERE "ar_internal_metadata"."key" = $1[0m  [["key", "environment"]]
  ↳ bin/rails:4
  [1m[35m (0.1ms)[0m  [1m[34mSELECT "schema_migrations"."version" FROM "schema_migrations" ORDER BY "schema_migrations"."version" ASC[0m
  ↳ bin/rails:4
  [1m[35m (0.1ms)[0m  [1m[34mSELECT "ar_internal_metadata"."value" FROM "ar_internal_metadata" WHERE "ar_internal_metadata"."key" = $1[0m  [["key", "environment"]]
  ↳ bin/rails:4
  [1m[35m (38.0ms)[0m  [1m[35mDROP DATABASE IF EXISTS "b2_assessments_development"[0m
  ↳ bin/rails:4
  [1m[35m (36.4ms)[0m  [1m[35mDROP DATABASE IF EXISTS "b2_assessments_test"[0m
  ↳ bin/rails:4
  [1m[35m (103.7ms)[0m  [1m[35mCREATE DATABASE "b2_assessments_development" ENCODING = 'unicode'[0m
  ↳ bin/rails:4
  [1m[35m (30.9ms)[0m  [1m[35mCREATE DATABASE "b2_assessments_test" ENCODING = 'unicode'[0m
  ↳ bin/rails:4
  [1m[35m (3.5ms)[0m  [1m[35mCREATE TABLE "schema_migrations" ("version" character varying NOT NULL PRIMARY KEY)[0m
  ↳ bin/rails:4
  [1m[35m (1.1ms)[0m  [1m[35mCREATE TABLE "ar_internal_metadata" ("key" character varying NOT NULL PRIMARY KEY, "value" character varying, "created_at" timestamp NOT NULL, "updated_at" timestamp NOT NULL)[0m
  ↳ bin/rails:4
  [1m[35m (0.1ms)[0m  [1m[34mSELECT pg_try_advisory_lock(2693733342440343945)[0m
  ↳ bin/rails:4
  [1m[35m (0.2ms)[0m  [1m[34mSELECT "schema_migrations"."version" FROM "schema_migrations" ORDER BY "schema_migrations"."version" ASC[0m
  ↳ bin/rails:4
Migrating to CreateStudios (20220221171708)
  [1m[35m (0.1ms)[0m  [1m[35mBEGIN[0m
  ↳ bin/rails:4
  [1m[35m (5.6ms)[0m  [1m[35mCREATE TABLE "studios" ("id" bigserial primary key, "name" character varying, "location" character varying, "created_at" timestamp NOT NULL, "updated_at" timestamp NOT NULL)[0m
  ↳ db/migrate/20220221171708_create_studios.rb:3
  [1m[36mActiveRecord::SchemaMigration Create (0.4ms)[0m  [1m[32mINSERT INTO "schema_migrations" ("version") VALUES ($1) RETURNING "version"[0m  [["version", "20220221171708"]]
  ↳ bin/rails:4
  [1m[35m (0.1ms)[0m  [1m[35mCOMMIT[0m
  ↳ bin/rails:4
Migrating to CreateMovies (20220221171835)
  [1m[35m (0.1ms)[0m  [1m[35mBEGIN[0m
  ↳ bin/rails:4
  [1m[35m (6.5ms)[0m  [1m[35mCREATE TABLE "movies" ("id" bigserial primary key, "title" character varying, "creation_year" integer, "genre" character varying, "studio_id" bigint, "created_at" timestamp NOT NULL, "updated_at" timestamp NOT NULL, CONSTRAINT "fk_rails_e5b9b8f31d"
FOREIGN KEY ("studio_id")
  REFERENCES "studios" ("id")
)[0m
  ↳ db/migrate/20220221171835_create_movies.rb:3
  [1m[35m (0.4ms)[0m  [1m[35mCREATE  INDEX  "index_movies_on_studio_id" ON "movies"  ("studio_id")[0m
  ↳ db/migrate/20220221171835_create_movies.rb:3
  [1m[36mActiveRecord::SchemaMigration Create (0.2ms)[0m  [1m[32mINSERT INTO "schema_migrations" ("version") VALUES ($1) RETURNING "version"[0m  [["version", "20220221171835"]]
  ↳ bin/rails:4
  [1m[35m (0.4ms)[0m  [1m[35mCOMMIT[0m
  ↳ bin/rails:4
Migrating to CreateActors (20220222184922)
  [1m[35m (0.2ms)[0m  [1m[35mBEGIN[0m
  ↳ bin/rails:4
  [1m[35m (1.2ms)[0m  [1m[35mCREATE TABLE "actors" ("id" bigserial primary key, "name" character varying, "age" integer, "created_at" timestamp NOT NULL, "updated_at" timestamp NOT NULL)[0m
  ↳ db/migrate/20220222184922_create_actors.rb:3
  [1m[36mActiveRecord::SchemaMigration Create (0.1ms)[0m  [1m[32mINSERT INTO "schema_migrations" ("version") VALUES ($1) RETURNING "version"[0m  [["version", "20220222184922"]]
  ↳ bin/rails:4
  [1m[35m (0.3ms)[0m  [1m[35mCOMMIT[0m
  ↳ bin/rails:4
Migrating to CreateMovieActors (20220222185136)
  [1m[35m (0.1ms)[0m  [1m[35mBEGIN[0m
  ↳ bin/rails:4
  [1m[35m (1.2ms)[0m  [1m[35mCREATE TABLE "movie_actors" ("id" bigserial primary key, "movie_id" bigint, "actor_id" bigint, CONSTRAINT "fk_rails_a2d0458e32"
FOREIGN KEY ("movie_id")
  REFERENCES "movies" ("id")
, CONSTRAINT "fk_rails_0b4046e48d"
FOREIGN KEY ("actor_id")
  REFERENCES "actors" ("id")
)[0m
  ↳ db/migrate/20220222185136_create_movie_actors.rb:3
  [1m[35m (0.3ms)[0m  [1m[35mCREATE  INDEX  "index_movie_actors_on_movie_id" ON "movie_actors"  ("movie_id")[0m
  ↳ db/migrate/20220222185136_create_movie_actors.rb:3
  [1m[35m (0.3ms)[0m  [1m[35mCREATE  INDEX  "index_movie_actors_on_actor_id" ON "movie_actors"  ("actor_id")[0m
  ↳ db/migrate/20220222185136_create_movie_actors.rb:3
  [1m[36mActiveRecord::SchemaMigration Create (0.1ms)[0m  [1m[32mINSERT INTO "schema_migrations" ("version") VALUES ($1) RETURNING "version"[0m  [["version", "20220222185136"]]
  ↳ bin/rails:4
  [1m[35m (0.1ms)[0m  [1m[35mCOMMIT[0m
  ↳ bin/rails:4
  [1m[36mActiveRecord::InternalMetadata Load (1.4ms)[0m  [1m[34mSELECT  "ar_internal_metadata".* FROM "ar_internal_metadata" WHERE "ar_internal_metadata"."key" = $1 LIMIT $2[0m  [["key", "environment"], ["LIMIT", 1]]
  ↳ bin/rails:4
  [1m[35m (0.0ms)[0m  [1m[35mBEGIN[0m
  ↳ bin/rails:4
  [1m[36mActiveRecord::InternalMetadata Create (0.5ms)[0m  [1m[32mINSERT INTO "ar_internal_metadata" ("key", "value", "created_at", "updated_at") VALUES ($1, $2, $3, $4) RETURNING "key"[0m  [["key", "environment"], ["value", "development"], ["created_at", "2022-02-22 18:52:13.605134"], ["updated_at", "2022-02-22 18:52:13.605134"]]
  ↳ bin/rails:4
  [1m[35m (0.1ms)[0m  [1m[35mCOMMIT[0m
  ↳ bin/rails:4
  [1m[35m (0.1ms)[0m  [1m[34mSELECT pg_advisory_unlock(2693733342440343945)[0m
  ↳ bin/rails:4
  [1m[35m (0.1ms)[0m  [1m[34mSELECT "schema_migrations"."version" FROM "schema_migrations" ORDER BY "schema_migrations"."version" ASC[0m
  ↳ bin/rails:4
  [1m[35m (0.1ms)[0m  [1m[34mSELECT "schema_migrations"."version" FROM "schema_migrations" ORDER BY "schema_migrations"."version" ASC[0m
  ↳ bin/rails:4
  [1m[35m (0.0ms)[0m  [1m[35mBEGIN[0m
  ↳ db/seeds.rb:9
  [1m[36mStudio Create (0.3ms)[0m  [1m[32mINSERT INTO "studios" ("name", "location", "created_at", "updated_at") VALUES ($1, $2, $3, $4) RETURNING "id"[0m  [["name", "Good Studio"], ["location", "Stafford"], ["created_at", "2022-02-22 18:52:13.639942"], ["updated_at", "2022-02-22 18:52:13.639942"]]
  ↳ db/seeds.rb:9
  [1m[35m (0.3ms)[0m  [1m[35mCOMMIT[0m
  ↳ db/seeds.rb:9
  [1m[35m (0.0ms)[0m  [1m[35mBEGIN[0m
  ↳ db/seeds.rb:10
  [1m[36mStudio Create (0.1ms)[0m  [1m[32mINSERT INTO "studios" ("name", "location", "created_at", "updated_at") VALUES ($1, $2, $3, $4) RETURNING "id"[0m  [["name", "OK Studio"], ["location", "Spotsylvania"], ["created_at", "2022-02-22 18:52:13.641230"], ["updated_at", "2022-02-22 18:52:13.641230"]]
  ↳ db/seeds.rb:10
  [1m[35m (0.1ms)[0m  [1m[35mCOMMIT[0m
  ↳ db/seeds.rb:10
  [1m[35m (0.0ms)[0m  [1m[35mBEGIN[0m
  ↳ db/seeds.rb:11
  [1m[36mStudio Create (0.1ms)[0m  [1m[32mINSERT INTO "studios" ("name", "location", "created_at", "updated_at") VALUES ($1, $2, $3, $4) RETURNING "id"[0m  [["name", "Bad Studio"], ["location", "Fairfax"], ["created_at", "2022-02-22 18:52:13.641892"], ["updated_at", "2022-02-22 18:52:13.641892"]]
  ↳ db/seeds.rb:11
  [1m[35m (0.1ms)[0m  [1m[35mCOMMIT[0m
  ↳ db/seeds.rb:11
  [1m[35m (0.1ms)[0m  [1m[35mBEGIN[0m
  ↳ db/seeds.rb:13
  [1m[36mMovie Create (2.9ms)[0m  [1m[32mINSERT INTO "movies" ("title", "creation_year", "genre", "studio_id", "created_at", "updated_at") VALUES ($1, $2, $3, $4, $5, $6) RETURNING "id"[0m  [["title", "Star Wars"], ["creation_year", 1977], ["genre", "science_fiction"], ["studio_id", 1], ["created_at", "2022-02-22 18:52:13.665451"], ["updated_at", "2022-02-22 18:52:13.665451"]]
  ↳ db/seeds.rb:13
  [1m[35m (0.1ms)[0m  [1m[35mCOMMIT[0m
  ↳ db/seeds.rb:13
  [1m[35m (0.0ms)[0m  [1m[35mBEGIN[0m
  ↳ db/seeds.rb:14
  [1m[36mMovie Create (0.2ms)[0m  [1m[32mINSERT INTO "movies" ("title", "creation_year", "genre", "studio_id", "created_at", "updated_at") VALUES ($1, $2, $3, $4, $5, $6) RETURNING "id"[0m  [["title", "Star Trek"], ["creation_year", 1966], ["genre", "science_fiction"], ["studio_id", 2], ["created_at", "2022-02-22 18:52:13.669612"], ["updated_at", "2022-02-22 18:52:13.669612"]]
  ↳ db/seeds.rb:14
  [1m[35m (0.1ms)[0m  [1m[35mCOMMIT[0m
  ↳ db/seeds.rb:14
  [1m[35m (0.0ms)[0m  [1m[35mBEGIN[0m
  ↳ db/seeds.rb:15
  [1m[36mMovie Create (0.2ms)[0m  [1m[32mINSERT INTO "movies" ("title", "creation_year", "genre", "studio_id", "created_at", "updated_at") VALUES ($1, $2, $3, $4, $5, $6) RETURNING "id"[0m  [["title", "Star People"], ["creation_year", 1955], ["genre", "science_fiction"], ["studio_id", 3], ["created_at", "2022-02-22 18:52:13.670673"], ["updated_at", "2022-02-22 18:52:13.670673"]]
  ↳ db/seeds.rb:15
  [1m[35m (0.1ms)[0m  [1m[35mCOMMIT[0m
  ↳ db/seeds.rb:15
